<?xml version="1.0" encoding="UTF-8"?>
<testng-results skipped="0" failed="0" ignored="0" total="13" passed="13">
  <reporter-output>
  </reporter-output>
  <suite name="Default suite" duration-ms="318" started-at="2020-05-14T13:12:38Z" finished-at="2020-05-14T13:12:39Z">
    <groups>
    </groups>
    <test name="Default test" duration-ms="318" started-at="2020-05-14T13:12:38Z" finished-at="2020-05-14T13:12:39Z">
      <class name="TestPage.Testngperiority">
        <test-method status="PASS" signature="tes12()[pri:0, instance:TestPage.Testngperiority@70fda8]" name="tes12" duration-ms="38" started-at="2020-05-14T13:12:39Z" finished-at="2020-05-14T13:12:39Z">
          <reporter-output>
          </reporter-output>
        </test-method> <!-- tes12 -->
        <test-method status="PASS" signature="tes13()[pri:0, instance:TestPage.Testngperiority@70fda8]" name="tes13" duration-ms="4" started-at="2020-05-14T13:12:39Z" finished-at="2020-05-14T13:12:39Z">
          <reporter-output>
          </reporter-output>
        </test-method> <!-- tes13 -->
        <test-method status="PASS" signature="tes13()[pri:0, instance:TestPage.Testngperiority@70fda8]" name="tes13" duration-ms="10" started-at="2020-05-14T13:12:39Z" finished-at="2020-05-14T13:12:39Z">
          <reporter-output>
          </reporter-output>
        </test-method> <!-- tes13 -->
        <test-method status="PASS" signature="tes13()[pri:0, instance:TestPage.Testngperiority@70fda8]" name="tes13" duration-ms="4" started-at="2020-05-14T13:12:39Z" finished-at="2020-05-14T13:12:39Z">
          <reporter-output>
          </reporter-output>
        </test-method> <!-- tes13 -->
        <test-method status="PASS" signature="tes13()[pri:0, instance:TestPage.Testngperiority@70fda8]" name="tes13" duration-ms="5" started-at="2020-05-14T13:12:39Z" finished-at="2020-05-14T13:12:39Z">
          <reporter-output>
          </reporter-output>
        </test-method> <!-- tes13 -->
        <test-method status="PASS" signature="tes13()[pri:0, instance:TestPage.Testngperiority@70fda8]" name="tes13" duration-ms="4" started-at="2020-05-14T13:12:39Z" finished-at="2020-05-14T13:12:39Z">
          <reporter-output>
          </reporter-output>
        </test-method> <!-- tes13 -->
        <test-method status="PASS" signature="tes14()[pri:0, instance:TestPage.Testngperiority@70fda8]" name="tes14" duration-ms="4" started-at="2020-05-14T13:12:39Z" finished-at="2020-05-14T13:12:39Z">
          <reporter-output>
          </reporter-output>
        </test-method> <!-- tes14 -->
        <test-method status="PASS" signature="tes14()[pri:0, instance:TestPage.Testngperiority@70fda8]" name="tes14" duration-ms="4" started-at="2020-05-14T13:12:39Z" finished-at="2020-05-14T13:12:39Z">
          <reporter-output>
          </reporter-output>
        </test-method> <!-- tes14 -->
        <test-method status="PASS" signature="tes14()[pri:0, instance:TestPage.Testngperiority@70fda8]" name="tes14" duration-ms="4" started-at="2020-05-14T13:12:39Z" finished-at="2020-05-14T13:12:39Z">
          <reporter-output>
          </reporter-output>
        </test-method> <!-- tes14 -->
        <test-method status="PASS" signature="tes14()[pri:0, instance:TestPage.Testngperiority@70fda8]" name="tes14" duration-ms="4" started-at="2020-05-14T13:12:39Z" finished-at="2020-05-14T13:12:39Z">
          <reporter-output>
          </reporter-output>
        </test-method> <!-- tes14 -->
        <test-method status="PASS" signature="tes14()[pri:0, instance:TestPage.Testngperiority@70fda8]" name="tes14" duration-ms="5" started-at="2020-05-14T13:12:39Z" finished-at="2020-05-14T13:12:39Z">
          <reporter-output>
          </reporter-output>
        </test-method> <!-- tes14 -->
        <test-method status="PASS" signature="tes11()[pri:2, instance:TestPage.Testngperiority@70fda8]" name="tes11" duration-ms="3" started-at="2020-05-14T13:12:39Z" finished-at="2020-05-14T13:12:39Z">
          <reporter-output>
          </reporter-output>
        </test-method> <!-- tes11 -->
        <test-method status="PASS" signature="tes15()[pri:3, instance:TestPage.Testngperiority@70fda8]" name="tes15" duration-ms="3" started-at="2020-05-14T13:12:39Z" finished-at="2020-05-14T13:12:39Z">
          <reporter-output>
          </reporter-output>
        </test-method> <!-- tes15 -->
      </class> <!-- TestPage.Testngperiority -->
    </test> <!-- Default test -->
  </suite> <!-- Default suite -->
</testng-results>
